# JRE version: OpenJDK Runtime Environment (8.0_202-b03) (build 1.8.0_202-release-1483-b03)
# Java VM: OpenJDK 64-Bit Server VM (25.202-b03 mixed mode windows-amd64 compressed oops)
Heap:
 PSYoungGen      total 333824K, used 260324K [0x00000000e0000000, 0x00000000f7000000, 0x0000000100000000)
  eden space 297984K, 79% used [0x00000000e0000000,0x00000000ee713ad0,0x00000000f2300000)
  from space 35840K, 66% used [0x00000000f4d00000,0x00000000f6425778,0x00000000f7000000)
  to   space 39424K, 0% used [0x00000000f2300000,0x00000000f2300000,0x00000000f4980000)
 ParOldGen       total 124416K, used 59420K [0x00000000a0000000, 0x00000000a7980000, 0x00000000e0000000)
  object space 124416K, 47% used [0x00000000a0000000,0x00000000a3a073c8,0x00000000a7980000)
 Metaspace       used 95302K, capacity 100152K, committed 100392K, reserved 1136640K
  class space    used 12100K, capacity 13004K, committed 13096K, reserved 1048576K
GC Heap History (10 events):
Event: 2900.759 GC heap before
{Heap before GC invocations=30 (full 3):
 PSYoungGen      total 283648K, used 275116K [0x00000000e0000000, 0x00000000f4b00000, 0x0000000100000000)
  eden space 250880K, 100% used [0x00000000e0000000,0x00000000ef500000,0x00000000ef500000)
  from space 32768K, 73% used [0x00000000f2b00000,0x00000000f42ab388,0x00000000f4b00000)
  to   space 44032K, 0% used [0x00000000ef500000,0x00000000ef500000,0x00000000f2000000)
 ParOldGen       total 87552K, used 66653K [0x00000000a0000000, 0x00000000a5580000, 0x00000000e0000000)
  object space 87552K, 76% used [0x00000000a0000000,0x00000000a4117770,0x00000000a5580000)
 Metaspace       used 93294K, capacity 98022K, committed 98328K, reserved 1134592K
  class space    used 11904K, capacity 12755K, committed 12824K, reserved 1048576K
Event: 2900.822 GC heap after
Heap after GC invocations=30 (full 3):
 PSYoungGen      total 259584K, used 18924K [0x00000000e0000000, 0x00000000f3c00000, 0x0000000100000000)
  eden space 240640K, 0% used [0x00000000e0000000,0x00000000e0000000,0x00000000eeb00000)
  from space 18944K, 99% used [0x00000000ef500000,0x00000000f077b120,0x00000000f0780000)
  to   space 41472K, 0% used [0x00000000f1380000,0x00000000f1380000,0x00000000f3c00000)
 ParOldGen       total 87552K, used 66661K [0x00000000a0000000, 0x00000000a5580000, 0x00000000e0000000)
  object space 87552K, 76% used [0x00000000a0000000,0x00000000a4119770,0x00000000a5580000)
 Metaspace       used 93294K, capacity 98022K, committed 98328K, reserved 1134592K
  class space    used 11904K, capacity 12755K, committed 12824K, reserved 1048576K
}
Event: 2903.251 GC heap before
{Heap before GC invocations=31 (full 3):
 PSYoungGen      total 259584K, used 71125K [0x00000000e0000000, 0x00000000f3c00000, 0x0000000100000000)
  eden space 240640K, 21% used [0x00000000e0000000,0x00000000e32fa680,0x00000000eeb00000)
  from space 18944K, 99% used [0x00000000ef500000,0x00000000f077b120,0x00000000f0780000)
  to   space 41472K, 0% used [0x00000000f1380000,0x00000000f1380000,0x00000000f3c00000)
 ParOldGen       total 87552K, used 66661K [0x00000000a0000000, 0x00000000a5580000, 0x00000000e0000000)
  object space 87552K, 76% used [0x00000000a0000000,0x00000000a4119770,0x00000000a5580000)
 Metaspace       used 93744K, capacity 98552K, committed 98600K, reserved 1134592K
  class space    used 11970K, capacity 12837K, committed 12840K, reserved 1048576K
Event: 2903.860 GC heap after
Heap after GC invocations=31 (full 3):
 PSYoungGen      total 284160K, used 19564K [0x00000000e0000000, 0x00000000f7100000, 0x0000000100000000)
  eden space 242688K, 0% used [0x00000000e0000000,0x00000000e0000000,0x00000000eed00000)
  from space 41472K, 47% used [0x00000000f1380000,0x00000000f269b0a0,0x00000000f3c00000)
  to   space 39424K, 0% used [0x00000000eed00000,0x00000000eed00000,0x00000000f1380000)
 ParOldGen       total 87552K, used 66669K [0x00000000a0000000, 0x00000000a5580000, 0x00000000e0000000)
  object space 87552K, 76% used [0x00000000a0000000,0x00000000a411b770,0x00000000a5580000)
 Metaspace       used 93744K, capacity 98552K, committed 98600K, reserved 1134592K
  class space    used 11970K, capacity 12837K, committed 12840K, reserved 1048576K
}
Event: 2903.861 GC heap before
{Heap before GC invocations=32 (full 4):
 PSYoungGen      total 284160K, used 19564K [0x00000000e0000000, 0x00000000f7100000, 0x0000000100000000)
  eden space 242688K, 0% used [0x00000000e0000000,0x00000000e0000000,0x00000000eed00000)
  from space 41472K, 47% used [0x00000000f1380000,0x00000000f269b0a0,0x00000000f3c00000)
  to   space 39424K, 0% used [0x00000000eed00000,0x00000000eed00000,0x00000000f1380000)
 ParOldGen       total 87552K, used 66669K [0x00000000a0000000, 0x00000000a5580000, 0x00000000e0000000)
  object space 87552K, 76% used [0x00000000a0000000,0x00000000a411b770,0x00000000a5580000)
 Metaspace       used 93744K, capacity 98552K, committed 98600K, reserved 1134592K
  class space    used 11970K, capacity 12837K, committed 12840K, reserved 1048576K
Event: 2910.064 GC heap after
Heap after GC invocations=32 (full 4):
 PSYoungGen      total 284160K, used 0K [0x00000000e0000000, 0x00000000f7100000, 0x0000000100000000)
  eden space 242688K, 0% used [0x00000000e0000000,0x00000000e0000000,0x00000000eed00000)
  from space 41472K, 0% used [0x00000000f1380000,0x00000000f1380000,0x00000000f3c00000)
  to   space 39424K, 0% used [0x00000000eed00000,0x00000000eed00000,0x00000000f1380000)
 ParOldGen       total 124416K, used 59404K [0x00000000a0000000, 0x00000000a7980000, 0x00000000e0000000)
  object space 124416K, 47% used [0x00000000a0000000,0x00000000a3a033c8,0x00000000a7980000)
 Metaspace       used 92552K, capacity 96390K, committed 98600K, reserved 1134592K
  class space    used 11754K, capacity 12474K, committed 12840K, reserved 1048576K
}
Event: 2926.896 GC heap before
{Heap before GC invocations=33 (full 4):
 PSYoungGen      total 284160K, used 242688K [0x00000000e0000000, 0x00000000f7100000, 0x0000000100000000)
  eden space 242688K, 100% used [0x00000000e0000000,0x00000000eed00000,0x00000000eed00000)
  from space 41472K, 0% used [0x00000000f1380000,0x00000000f1380000,0x00000000f3c00000)
  to   space 39424K, 0% used [0x00000000eed00000,0x00000000eed00000,0x00000000f1380000)
 ParOldGen       total 124416K, used 59404K [0x00000000a0000000, 0x00000000a7980000, 0x00000000e0000000)
  object space 124416K, 47% used [0x00000000a0000000,0x00000000a3a033c8,0x00000000a7980000)
 Metaspace       used 93673K, capacity 98104K, committed 98728K, reserved 1134592K
  class space    used 11903K, capacity 12738K, committed 12968K, reserved 1048576K
Event: 2926.982 GC heap after
Heap after GC invocations=33 (full 4):
 PSYoungGen      total 282112K, used 8200K [0x00000000e0000000, 0x00000000f7380000, 0x0000000100000000)
  eden space 242688K, 0% used [0x00000000e0000000,0x00000000e0000000,0x00000000eed00000)
  from space 39424K, 20% used [0x00000000eed00000,0x00000000ef502078,0x00000000f1380000)
  to   space 39424K, 0% used [0x00000000f4d00000,0x00000000f4d00000,0x00000000f7380000)
 ParOldGen       total 124416K, used 59412K [0x00000000a0000000, 0x00000000a7980000, 0x00000000e0000000)
  object space 124416K, 47% used [0x00000000a0000000,0x00000000a3a053c8,0x00000000a7980000)
 Metaspace       used 93673K, capacity 98104K, committed 98728K, reserved 1134592K
  class space    used 11903K, capacity 12738K, committed 12968K, reserved 1048576K
}
Event: 2950.075 GC heap before
{Heap before GC invocations=34 (full 4):
 PSYoungGen      total 282112K, used 250211K [0x00000000e0000000, 0x00000000f7380000, 0x0000000100000000)
  eden space 242688K, 99% used [0x00000000e0000000,0x00000000eec56db0,0x00000000eed00000)
  from space 39424K, 20% used [0x00000000eed00000,0x00000000ef502078,0x00000000f1380000)
  to   space 39424K, 0% used [0x00000000f4d00000,0x00000000f4d00000,0x00000000f7380000)
 ParOldGen       total 124416K, used 59412K [0x00000000a0000000, 0x00000000a7980000, 0x00000000e0000000)
  object space 124416K, 47% used [0x00000000a0000000,0x00000000a3a053c8,0x00000000a7980000)
 Metaspace       used 94187K, capacity 98822K, committed 98984K, reserved 1134592K
  class space    used 11953K, capacity 12833K, committed 12968K, reserved 1048576K
Event: 2950.141 GC heap after
Heap after GC invocations=34 (full 4):
 PSYoungGen      total 333824K, used 23701K [0x00000000e0000000, 0x00000000f7000000, 0x0000000100000000)
  eden space 297984K, 0% used [0x00000000e0000000,0x00000000e0000000,0x00000000f2300000)
  from space 35840K, 66% used [0x00000000f4d00000,0x00000000f6425778,0x00000000f7000000)
  to   space 39424K, 0% used [0x00000000f2300000,0x00000000f2300000,0x00000000f4980000)
 ParOldGen       total 124416K, used 59420K [0x00000000a0000000, 0x00000000a7980000, 0x00000000e0000000)
  object space 124416K, 47% used [0x00000000a0000000,0x00000000a3a073c8,0x00000000a7980000)
 Metaspace       used 94187K, capacity 98822K, committed 98984K, reserved 1134592K
  class space    used 11953K, capacity 12833K, committed 12968K, reserved 1048576K
}

