# JRE version: OpenJDK Runtime Environment (8.0_202-b03) (build 1.8.0_202-release-1483-b03)
# Java VM: OpenJDK 64-Bit Server VM (25.202-b03 mixed mode windows-amd64 compressed oops)
Heap:
 PSYoungGen      total 251392K, used 21845K [0x00000000e0000000, 0x00000000f3780000, 0x0000000100000000)
  eden space 226304K, 8% used [0x00000000e0000000,0x00000000e11eba10,0x00000000edd00000)
  from space 25088K, 13% used [0x00000000f0300000,0x00000000f0669a20,0x00000000f1b80000)
  to   space 38912K, 0% used [0x00000000edd00000,0x00000000edd00000,0x00000000f0300000)
 ParOldGen       total 91648K, used 91393K [0x00000000a0000000, 0x00000000a5980000, 0x00000000e0000000)
  object space 91648K, 99% used [0x00000000a0000000,0x00000000a59406d8,0x00000000a5980000)
 Metaspace       used 82021K, capacity 85692K, committed 86016K, reserved 1124352K
  class space    used 10919K, capacity 11654K, committed 11776K, reserved 1048576K
GC Heap History (10 events):
Event: 24.290 GC heap before
{Heap before GC invocations=18 (full 3):
 PSYoungGen      total 197632K, used 197167K [0x00000000e0000000, 0x00000000ede00000, 0x0000000100000000)
  eden space 183808K, 100% used [0x00000000e0000000,0x00000000eb380000,0x00000000eb380000)
  from space 13824K, 96% used [0x00000000ed080000,0x00000000edd8bf38,0x00000000ede00000)
  to   space 21504K, 0% used [0x00000000eb400000,0x00000000eb400000,0x00000000ec900000)
 ParOldGen       total 91648K, used 36225K [0x00000000a0000000, 0x00000000a5980000, 0x00000000e0000000)
  object space 91648K, 39% used [0x00000000a0000000,0x00000000a23607f0,0x00000000a5980000)
 Metaspace       used 65522K, capacity 67828K, committed 68096K, reserved 1107968K
  class space    used 8892K, capacity 9380K, committed 9472K, reserved 1048576K
Event: 24.336 GC heap after
Heap after GC invocations=18 (full 3):
 PSYoungGen      total 205824K, used 21488K [0x00000000e0000000, 0x00000000f0900000, 0x0000000100000000)
  eden space 184320K, 0% used [0x00000000e0000000,0x00000000e0000000,0x00000000eb400000)
  from space 21504K, 99% used [0x00000000eb400000,0x00000000ec8fc0d8,0x00000000ec900000)
  to   space 25600K, 0% used [0x00000000ef000000,0x00000000ef000000,0x00000000f0900000)
 ParOldGen       total 91648K, used 38354K [0x00000000a0000000, 0x00000000a5980000, 0x00000000e0000000)
  object space 91648K, 41% used [0x00000000a0000000,0x00000000a25749e0,0x00000000a5980000)
 Metaspace       used 65522K, capacity 67828K, committed 68096K, reserved 1107968K
  class space    used 8892K, capacity 9380K, committed 9472K, reserved 1048576K
}
Event: 36.802 GC heap before
{Heap before GC invocations=19 (full 3):
 PSYoungGen      total 205824K, used 205808K [0x00000000e0000000, 0x00000000f0900000, 0x0000000100000000)
  eden space 184320K, 100% used [0x00000000e0000000,0x00000000eb400000,0x00000000eb400000)
  from space 21504K, 99% used [0x00000000eb400000,0x00000000ec8fc0d8,0x00000000ec900000)
  to   space 25600K, 0% used [0x00000000ef000000,0x00000000ef000000,0x00000000f0900000)
 ParOldGen       total 91648K, used 38354K [0x00000000a0000000, 0x00000000a5980000, 0x00000000e0000000)
  object space 91648K, 41% used [0x00000000a0000000,0x00000000a25749e0,0x00000000a5980000)
 Metaspace       used 73846K, capacity 76860K, committed 77056K, reserved 1116160K
  class space    used 9790K, capacity 10396K, committed 10496K, reserved 1048576K
Event: 36.915 GC heap after
Heap after GC invocations=19 (full 3):
 PSYoungGen      total 240640K, used 15520K [0x00000000e0000000, 0x00000000f0680000, 0x0000000100000000)
  eden space 217600K, 0% used [0x00000000e0000000,0x00000000e0000000,0x00000000ed480000)
  from space 23040K, 67% used [0x00000000ef000000,0x00000000eff28358,0x00000000f0680000)
  to   space 25600K, 0% used [0x00000000ed480000,0x00000000ed480000,0x00000000eed80000)
 ParOldGen       total 91648K, used 59230K [0x00000000a0000000, 0x00000000a5980000, 0x00000000e0000000)
  object space 91648K, 64% used [0x00000000a0000000,0x00000000a39d7b90,0x00000000a5980000)
 Metaspace       used 73846K, capacity 76860K, committed 77056K, reserved 1116160K
  class space    used 9790K, capacity 10396K, committed 10496K, reserved 1048576K
}
Event: 51.607 GC heap before
{Heap before GC invocations=20 (full 3):
 PSYoungGen      total 240640K, used 233120K [0x00000000e0000000, 0x00000000f0680000, 0x0000000100000000)
  eden space 217600K, 100% used [0x00000000e0000000,0x00000000ed480000,0x00000000ed480000)
  from space 23040K, 67% used [0x00000000ef000000,0x00000000eff28358,0x00000000f0680000)
  to   space 25600K, 0% used [0x00000000ed480000,0x00000000ed480000,0x00000000eed80000)
 ParOldGen       total 91648K, used 59230K [0x00000000a0000000, 0x00000000a5980000, 0x00000000e0000000)
  object space 91648K, 64% used [0x00000000a0000000,0x00000000a39d7b90,0x00000000a5980000)
 Metaspace       used 75634K, capacity 78974K, committed 79104K, reserved 1118208K
  class space    used 9980K, capacity 10695K, committed 10752K, reserved 1048576K
Event: 51.658 GC heap after
Heap after GC invocations=20 (full 3):
 PSYoungGen      total 243200K, used 13960K [0x00000000e0000000, 0x00000000f1b80000, 0x0000000100000000)
  eden space 217600K, 0% used [0x00000000e0000000,0x00000000e0000000,0x00000000ed480000)
  from space 25600K, 54% used [0x00000000ed480000,0x00000000ee222280,0x00000000eed80000)
  to   space 25088K, 0% used [0x00000000f0300000,0x00000000f0300000,0x00000000f1b80000)
 ParOldGen       total 91648K, used 59238K [0x00000000a0000000, 0x00000000a5980000, 0x00000000e0000000)
  object space 91648K, 64% used [0x00000000a0000000,0x00000000a39d9b90,0x00000000a5980000)
 Metaspace       used 75634K, capacity 78974K, committed 79104K, reserved 1118208K
  class space    used 9980K, capacity 10695K, committed 10752K, reserved 1048576K
}
Event: 59.626 GC heap before
{Heap before GC invocations=21 (full 3):
 PSYoungGen      total 243200K, used 231560K [0x00000000e0000000, 0x00000000f1b80000, 0x0000000100000000)
  eden space 217600K, 100% used [0x00000000e0000000,0x00000000ed480000,0x00000000ed480000)
  from space 25600K, 54% used [0x00000000ed480000,0x00000000ee222280,0x00000000eed80000)
  to   space 25088K, 0% used [0x00000000f0300000,0x00000000f0300000,0x00000000f1b80000)
 ParOldGen       total 91648K, used 59238K [0x00000000a0000000, 0x00000000a5980000, 0x00000000e0000000)
  object space 91648K, 64% used [0x00000000a0000000,0x00000000a39d9b90,0x00000000a5980000)
 Metaspace       used 80404K, capacity 84010K, committed 84096K, reserved 1122304K
  class space    used 10651K, capacity 11391K, committed 11392K, reserved 1048576K
Event: 59.758 GC heap after
Heap after GC invocations=21 (full 3):
 PSYoungGen      total 251392K, used 25085K [0x00000000e0000000, 0x00000000f3780000, 0x0000000100000000)
  eden space 226304K, 0% used [0x00000000e0000000,0x00000000e0000000,0x00000000edd00000)
  from space 25088K, 99% used [0x00000000f0300000,0x00000000f1b7f450,0x00000000f1b80000)
  to   space 38912K, 0% used [0x00000000edd00000,0x00000000edd00000,0x00000000f0300000)
 ParOldGen       total 91648K, used 85638K [0x00000000a0000000, 0x00000000a5980000, 0x00000000e0000000)
  object space 91648K, 93% used [0x00000000a0000000,0x00000000a53a18b0,0x00000000a5980000)
 Metaspace       used 80404K, capacity 84010K, committed 84096K, reserved 1122304K
  class space    used 10651K, capacity 11391K, committed 11392K, reserved 1048576K
}
Event: 59.758 GC heap before
{Heap before GC invocations=22 (full 4):
 PSYoungGen      total 251392K, used 25085K [0x00000000e0000000, 0x00000000f3780000, 0x0000000100000000)
  eden space 226304K, 0% used [0x00000000e0000000,0x00000000e0000000,0x00000000edd00000)
  from space 25088K, 99% used [0x00000000f0300000,0x00000000f1b7f450,0x00000000f1b80000)
  to   space 38912K, 0% used [0x00000000edd00000,0x00000000edd00000,0x00000000f0300000)
 ParOldGen       total 91648K, used 85638K [0x00000000a0000000, 0x00000000a5980000, 0x00000000e0000000)
  object space 91648K, 93% used [0x00000000a0000000,0x00000000a53a18b0,0x00000000a5980000)
 Metaspace       used 80404K, capacity 84010K, committed 84096K, reserved 1122304K
  class space    used 10651K, capacity 11391K, committed 11392K, reserved 1048576K
Event: 61.121 GC heap after
Heap after GC invocations=22 (full 4):
 PSYoungGen      total 251392K, used 3494K [0x00000000e0000000, 0x00000000f3780000, 0x0000000100000000)
  eden space 226304K, 0% used [0x00000000e0000000,0x00000000e0000000,0x00000000edd00000)
  from space 25088K, 13% used [0x00000000f0300000,0x00000000f0669a20,0x00000000f1b80000)
  to   space 38912K, 0% used [0x00000000edd00000,0x00000000edd00000,0x00000000f0300000)
 ParOldGen       total 91648K, used 91393K [0x00000000a0000000, 0x00000000a5980000, 0x00000000e0000000)
  object space 91648K, 99% used [0x00000000a0000000,0x00000000a59406d8,0x00000000a5980000)
 Metaspace       used 80310K, capacity 83724K, committed 84096K, reserved 1122304K
  class space    used 10620K, capacity 11336K, committed 11392K, reserved 1048576K
}

