# JRE version: OpenJDK Runtime Environment (8.0_202-b03) (build 1.8.0_202-release-1483-b03)
# Java VM: OpenJDK 64-Bit Server VM (25.202-b03 mixed mode windows-amd64 compressed oops)
Heap:
 PSYoungGen      total 302592K, used 36005K [0x00000000e0000000, 0x00000000f6e00000, 0x0000000100000000)
  eden space 278016K, 5% used [0x00000000e0000000,0x00000000e0e7bad0,0x00000000f0f80000)
  from space 24576K, 86% used [0x00000000f5600000,0x00000000f6aadc08,0x00000000f6e00000)
  to   space 25600K, 0% used [0x00000000f0f80000,0x00000000f0f80000,0x00000000f2880000)
 ParOldGen       total 89600K, used 47897K [0x00000000a0000000, 0x00000000a5780000, 0x00000000e0000000)
  object space 89600K, 53% used [0x00000000a0000000,0x00000000a2ec6518,0x00000000a5780000)
 Metaspace       used 82869K, capacity 86296K, committed 86440K, reserved 1124352K
  class space    used 10931K, capacity 11595K, committed 11688K, reserved 1048576K
GC Heap History (10 events):
Event: 65.411 GC heap before
{Heap before GC invocations=19 (full 3):
 PSYoungGen      total 216064K, used 211071K [0x00000000e0000000, 0x00000000f1500000, 0x0000000100000000)
  eden space 197120K, 100% used [0x00000000e0000000,0x00000000ec080000,0x00000000ec080000)
  from space 18944K, 73% used [0x00000000ec080000,0x00000000ece1fff8,0x00000000ed300000)
  to   space 19968K, 0% used [0x00000000f0180000,0x00000000f0180000,0x00000000f1500000)
 ParOldGen       total 89600K, used 36182K [0x00000000a0000000, 0x00000000a5780000, 0x00000000e0000000)
  object space 89600K, 40% used [0x00000000a0000000,0x00000000a23559a0,0x00000000a5780000)
 Metaspace       used 71083K, capacity 73324K, committed 73512K, reserved 1112064K
  class space    used 9437K, capacity 9913K, committed 10024K, reserved 1048576K
Event: 65.478 GC heap after
Heap after GC invocations=19 (full 3):
 PSYoungGen      total 260608K, used 19944K [0x00000000e0000000, 0x00000000f1b80000, 0x0000000100000000)
  eden space 240640K, 0% used [0x00000000e0000000,0x00000000e0000000,0x00000000eeb00000)
  from space 19968K, 99% used [0x00000000f0180000,0x00000000f14fa160,0x00000000f1500000)
  to   space 23040K, 0% used [0x00000000eeb00000,0x00000000eeb00000,0x00000000f0180000)
 ParOldGen       total 89600K, used 36294K [0x00000000a0000000, 0x00000000a5780000, 0x00000000e0000000)
  object space 89600K, 40% used [0x00000000a0000000,0x00000000a23719a0,0x00000000a5780000)
 Metaspace       used 71083K, capacity 73324K, committed 73512K, reserved 1112064K
  class space    used 9437K, capacity 9913K, committed 10024K, reserved 1048576K
}
Event: 75.190 GC heap before
{Heap before GC invocations=20 (full 3):
 PSYoungGen      total 260608K, used 260584K [0x00000000e0000000, 0x00000000f1b80000, 0x0000000100000000)
  eden space 240640K, 100% used [0x00000000e0000000,0x00000000eeb00000,0x00000000eeb00000)
  from space 19968K, 99% used [0x00000000f0180000,0x00000000f14fa160,0x00000000f1500000)
  to   space 23040K, 0% used [0x00000000eeb00000,0x00000000eeb00000,0x00000000f0180000)
 ParOldGen       total 89600K, used 36294K [0x00000000a0000000, 0x00000000a5780000, 0x00000000e0000000)
  object space 89600K, 40% used [0x00000000a0000000,0x00000000a23719a0,0x00000000a5780000)
 Metaspace       used 79753K, capacity 82994K, committed 83112K, reserved 1120256K
  class space    used 10724K, capacity 11378K, committed 11432K, reserved 1048576K
Event: 75.270 GC heap after
Heap after GC invocations=20 (full 3):
 PSYoungGen      total 263680K, used 22333K [0x00000000e0000000, 0x00000000f4300000, 0x0000000100000000)
  eden space 240640K, 0% used [0x00000000e0000000,0x00000000e0000000,0x00000000eeb00000)
  from space 23040K, 96% used [0x00000000eeb00000,0x00000000f00cf6d0,0x00000000f0180000)
  to   space 26112K, 0% used [0x00000000f2980000,0x00000000f2980000,0x00000000f4300000)
 ParOldGen       total 89600K, used 47873K [0x00000000a0000000, 0x00000000a5780000, 0x00000000e0000000)
  object space 89600K, 53% used [0x00000000a0000000,0x00000000a2ec0518,0x00000000a5780000)
 Metaspace       used 79753K, capacity 82994K, committed 83112K, reserved 1120256K
  class space    used 10724K, capacity 11378K, committed 11432K, reserved 1048576K
}
Event: 81.511 GC heap before
{Heap before GC invocations=21 (full 3):
 PSYoungGen      total 263680K, used 262973K [0x00000000e0000000, 0x00000000f4300000, 0x0000000100000000)
  eden space 240640K, 100% used [0x00000000e0000000,0x00000000eeb00000,0x00000000eeb00000)
  from space 23040K, 96% used [0x00000000eeb00000,0x00000000f00cf6d0,0x00000000f0180000)
  to   space 26112K, 0% used [0x00000000f2980000,0x00000000f2980000,0x00000000f4300000)
 ParOldGen       total 89600K, used 47873K [0x00000000a0000000, 0x00000000a5780000, 0x00000000e0000000)
  object space 89600K, 53% used [0x00000000a0000000,0x00000000a2ec0518,0x00000000a5780000)
 Metaspace       used 82267K, capacity 85622K, committed 85928K, reserved 1124352K
  class space    used 10899K, capacity 11586K, committed 11688K, reserved 1048576K
Event: 81.559 GC heap after
Heap after GC invocations=21 (full 3):
 PSYoungGen      total 302592K, used 14510K [0x00000000e0000000, 0x00000000f4180000, 0x0000000100000000)
  eden space 278016K, 0% used [0x00000000e0000000,0x00000000e0000000,0x00000000f0f80000)
  from space 24576K, 59% used [0x00000000f2980000,0x00000000f37abb10,0x00000000f4180000)
  to   space 25600K, 0% used [0x00000000f0f80000,0x00000000f0f80000,0x00000000f2880000)
 ParOldGen       total 89600K, used 47881K [0x00000000a0000000, 0x00000000a5780000, 0x00000000e0000000)
  object space 89600K, 53% used [0x00000000a0000000,0x00000000a2ec2518,0x00000000a5780000)
 Metaspace       used 82267K, capacity 85622K, committed 85928K, reserved 1124352K
  class space    used 10899K, capacity 11586K, committed 11688K, reserved 1048576K
}
Event: 85.708 GC heap before
{Heap before GC invocations=22 (full 3):
 PSYoungGen      total 302592K, used 292526K [0x00000000e0000000, 0x00000000f4180000, 0x0000000100000000)
  eden space 278016K, 100% used [0x00000000e0000000,0x00000000f0f80000,0x00000000f0f80000)
  from space 24576K, 59% used [0x00000000f2980000,0x00000000f37abb10,0x00000000f4180000)
  to   space 25600K, 0% used [0x00000000f0f80000,0x00000000f0f80000,0x00000000f2880000)
 ParOldGen       total 89600K, used 47881K [0x00000000a0000000, 0x00000000a5780000, 0x00000000e0000000)
  object space 89600K, 53% used [0x00000000a0000000,0x00000000a2ec2518,0x00000000a5780000)
 Metaspace       used 82621K, capacity 86060K, committed 86184K, reserved 1124352K
  class space    used 10913K, capacity 11589K, committed 11688K, reserved 1048576K
Event: 85.769 GC heap after
Heap after GC invocations=22 (full 3):
 PSYoungGen      total 303616K, used 12245K [0x00000000e0000000, 0x00000000f6e00000, 0x0000000100000000)
  eden space 278016K, 0% used [0x00000000e0000000,0x00000000e0000000,0x00000000f0f80000)
  from space 25600K, 47% used [0x00000000f0f80000,0x00000000f1b75680,0x00000000f2880000)
  to   space 24576K, 0% used [0x00000000f5600000,0x00000000f5600000,0x00000000f6e00000)
 ParOldGen       total 89600K, used 47889K [0x00000000a0000000, 0x00000000a5780000, 0x00000000e0000000)
  object space 89600K, 53% used [0x00000000a0000000,0x00000000a2ec4518,0x00000000a5780000)
 Metaspace       used 82621K, capacity 86060K, committed 86184K, reserved 1124352K
  class space    used 10913K, capacity 11589K, committed 11688K, reserved 1048576K
}
Event: 87.968 GC heap before
{Heap before GC invocations=23 (full 3):
 PSYoungGen      total 303616K, used 290261K [0x00000000e0000000, 0x00000000f6e00000, 0x0000000100000000)
  eden space 278016K, 100% used [0x00000000e0000000,0x00000000f0f80000,0x00000000f0f80000)
  from space 25600K, 47% used [0x00000000f0f80000,0x00000000f1b75680,0x00000000f2880000)
  to   space 24576K, 0% used [0x00000000f5600000,0x00000000f5600000,0x00000000f6e00000)
 ParOldGen       total 89600K, used 47889K [0x00000000a0000000, 0x00000000a5780000, 0x00000000e0000000)
  object space 89600K, 53% used [0x00000000a0000000,0x00000000a2ec4518,0x00000000a5780000)
 Metaspace       used 82865K, capacity 86296K, committed 86440K, reserved 1124352K
  class space    used 10931K, capacity 11595K, committed 11688K, reserved 1048576K
Event: 88.053 GC heap after
Heap after GC invocations=23 (full 3):
 PSYoungGen      total 302592K, used 21175K [0x00000000e0000000, 0x00000000f6e00000, 0x0000000100000000)
  eden space 278016K, 0% used [0x00000000e0000000,0x00000000e0000000,0x00000000f0f80000)
  from space 24576K, 86% used [0x00000000f5600000,0x00000000f6aadc08,0x00000000f6e00000)
  to   space 25600K, 0% used [0x00000000f0f80000,0x00000000f0f80000,0x00000000f2880000)
 ParOldGen       total 89600K, used 47897K [0x00000000a0000000, 0x00000000a5780000, 0x00000000e0000000)
  object space 89600K, 53% used [0x00000000a0000000,0x00000000a2ec6518,0x00000000a5780000)
 Metaspace       used 82865K, capacity 86296K, committed 86440K, reserved 1124352K
  class space    used 10931K, capacity 11595K, committed 11688K, reserved 1048576K
}

