# JRE version: OpenJDK Runtime Environment (8.0_202-b03) (build 1.8.0_202-release-1483-b03)
# Java VM: OpenJDK 64-Bit Server VM (25.202-b03 mixed mode windows-amd64 compressed oops)
Heap:
 PSYoungGen      total 295936K, used 124615K [0x00000000e0000000, 0x00000000f5e00000, 0x0000000100000000)
  eden space 260096K, 37% used [0x00000000e0000000,0x00000000e5fadca0,0x00000000efe00000)
  from space 35840K, 74% used [0x00000000efe00000,0x00000000f1804060,0x00000000f2100000)
  to   space 36864K, 0% used [0x00000000f3a00000,0x00000000f3a00000,0x00000000f5e00000)
 ParOldGen       total 96768K, used 78155K [0x00000000a0000000, 0x00000000a5e80000, 0x00000000e0000000)
  object space 96768K, 80% used [0x00000000a0000000,0x00000000a4c52cc0,0x00000000a5e80000)
 Metaspace       used 75492K, capacity 78356K, committed 78888K, reserved 1118208K
  class space    used 10023K, capacity 10625K, committed 10792K, reserved 1048576K
GC Heap History (10 events):
Event: 59.819 GC heap before
{Heap before GC invocations=30 (full 5):
 PSYoungGen      total 273920K, used 244224K [0x00000000e0000000, 0x00000000f2c80000, 0x0000000100000000)
  eden space 244224K, 100% used [0x00000000e0000000,0x00000000eee80000,0x00000000eee80000)
  from space 29696K, 0% used [0x00000000f0c00000,0x00000000f0c00000,0x00000000f2900000)
  to   space 30208K, 0% used [0x00000000eee80000,0x00000000eee80000,0x00000000f0c00000)
 ParOldGen       total 96768K, used 78131K [0x00000000a0000000, 0x00000000a5e80000, 0x00000000e0000000)
  object space 96768K, 80% used [0x00000000a0000000,0x00000000a4c4ccc0,0x00000000a5e80000)
 Metaspace       used 74995K, capacity 77746K, committed 78248K, reserved 1116160K
  class space    used 9953K, capacity 10528K, committed 10664K, reserved 1048576K
Event: 59.840 GC heap after
Heap after GC invocations=30 (full 5):
 PSYoungGen      total 274432K, used 5088K [0x00000000e0000000, 0x00000000f4800000, 0x0000000100000000)
  eden space 244224K, 0% used [0x00000000e0000000,0x00000000e0000000,0x00000000eee80000)
  from space 30208K, 16% used [0x00000000eee80000,0x00000000ef378000,0x00000000f0c00000)
  to   space 37376K, 0% used [0x00000000f2380000,0x00000000f2380000,0x00000000f4800000)
 ParOldGen       total 96768K, used 78139K [0x00000000a0000000, 0x00000000a5e80000, 0x00000000e0000000)
  object space 96768K, 80% used [0x00000000a0000000,0x00000000a4c4ecc0,0x00000000a5e80000)
 Metaspace       used 74995K, capacity 77746K, committed 78248K, reserved 1116160K
  class space    used 9953K, capacity 10528K, committed 10664K, reserved 1048576K
}
Event: 62.266 GC heap before
{Heap before GC invocations=31 (full 5):
 PSYoungGen      total 274432K, used 249312K [0x00000000e0000000, 0x00000000f4800000, 0x0000000100000000)
  eden space 244224K, 100% used [0x00000000e0000000,0x00000000eee80000,0x00000000eee80000)
  from space 30208K, 16% used [0x00000000eee80000,0x00000000ef378000,0x00000000f0c00000)
  to   space 37376K, 0% used [0x00000000f2380000,0x00000000f2380000,0x00000000f4800000)
 ParOldGen       total 96768K, used 78139K [0x00000000a0000000, 0x00000000a5e80000, 0x00000000e0000000)
  object space 96768K, 80% used [0x00000000a0000000,0x00000000a4c4ecc0,0x00000000a5e80000)
 Metaspace       used 75430K, capacity 78196K, committed 78504K, reserved 1118208K
  class space    used 10021K, capacity 10593K, committed 10664K, reserved 1048576K
Event: 62.311 GC heap after
Heap after GC invocations=31 (full 5):
 PSYoungGen      total 293376K, used 12512K [0x00000000e0000000, 0x00000000f4400000, 0x0000000100000000)
  eden space 260096K, 0% used [0x00000000e0000000,0x00000000e0000000,0x00000000efe00000)
  from space 33280K, 37% used [0x00000000f2380000,0x00000000f2fb8328,0x00000000f4400000)
  to   space 35840K, 0% used [0x00000000efe00000,0x00000000efe00000,0x00000000f2100000)
 ParOldGen       total 96768K, used 78147K [0x00000000a0000000, 0x00000000a5e80000, 0x00000000e0000000)
  object space 96768K, 80% used [0x00000000a0000000,0x00000000a4c50cc0,0x00000000a5e80000)
 Metaspace       used 75430K, capacity 78196K, committed 78504K, reserved 1118208K
  class space    used 10021K, capacity 10593K, committed 10664K, reserved 1048576K
}
Event: 65.352 GC heap before
{Heap before GC invocations=32 (full 5):
 PSYoungGen      total 293376K, used 272608K [0x00000000e0000000, 0x00000000f4400000, 0x0000000100000000)
  eden space 260096K, 100% used [0x00000000e0000000,0x00000000efe00000,0x00000000efe00000)
  from space 33280K, 37% used [0x00000000f2380000,0x00000000f2fb8328,0x00000000f4400000)
  to   space 35840K, 0% used [0x00000000efe00000,0x00000000efe00000,0x00000000f2100000)
 ParOldGen       total 96768K, used 78147K [0x00000000a0000000, 0x00000000a5e80000, 0x00000000e0000000)
  object space 96768K, 80% used [0x00000000a0000000,0x00000000a4c50cc0,0x00000000a5e80000)
 Metaspace       used 75451K, capacity 78196K, committed 78504K, reserved 1118208K
  class space    used 10021K, capacity 10593K, committed 10664K, reserved 1048576K
Event: 65.401 GC heap after
Heap after GC invocations=32 (full 5):
 PSYoungGen      total 295936K, used 17696K [0x00000000e0000000, 0x00000000f5180000, 0x0000000100000000)
  eden space 260096K, 0% used [0x00000000e0000000,0x00000000e0000000,0x00000000efe00000)
  from space 35840K, 49% used [0x00000000efe00000,0x00000000f0f48030,0x00000000f2100000)
  to   space 34816K, 0% used [0x00000000f2f80000,0x00000000f2f80000,0x00000000f5180000)
 ParOldGen       total 96768K, used 78147K [0x00000000a0000000, 0x00000000a5e80000, 0x00000000e0000000)
  object space 96768K, 80% used [0x00000000a0000000,0x00000000a4c50cc0,0x00000000a5e80000)
 Metaspace       used 75451K, capacity 78196K, committed 78504K, reserved 1118208K
  class space    used 10021K, capacity 10593K, committed 10664K, reserved 1048576K
}
Event: 67.861 GC heap before
{Heap before GC invocations=33 (full 5):
 PSYoungGen      total 295936K, used 277792K [0x00000000e0000000, 0x00000000f5180000, 0x0000000100000000)
  eden space 260096K, 100% used [0x00000000e0000000,0x00000000efe00000,0x00000000efe00000)
  from space 35840K, 49% used [0x00000000efe00000,0x00000000f0f48030,0x00000000f2100000)
  to   space 34816K, 0% used [0x00000000f2f80000,0x00000000f2f80000,0x00000000f5180000)
 ParOldGen       total 96768K, used 78147K [0x00000000a0000000, 0x00000000a5e80000, 0x00000000e0000000)
  object space 96768K, 80% used [0x00000000a0000000,0x00000000a4c50cc0,0x00000000a5e80000)
 Metaspace       used 75478K, capacity 78356K, committed 78888K, reserved 1118208K
  class space    used 10023K, capacity 10625K, committed 10792K, reserved 1048576K
Event: 68.107 GC heap after
Heap after GC invocations=33 (full 5):
 PSYoungGen      total 294912K, used 20768K [0x00000000e0000000, 0x00000000f5180000, 0x0000000100000000)
  eden space 260096K, 0% used [0x00000000e0000000,0x00000000e0000000,0x00000000efe00000)
  from space 34816K, 59% used [0x00000000f2f80000,0x00000000f43c8040,0x00000000f5180000)
  to   space 35840K, 0% used [0x00000000efe00000,0x00000000efe00000,0x00000000f2100000)
 ParOldGen       total 96768K, used 78155K [0x00000000a0000000, 0x00000000a5e80000, 0x00000000e0000000)
  object space 96768K, 80% used [0x00000000a0000000,0x00000000a4c52cc0,0x00000000a5e80000)
 Metaspace       used 75478K, capacity 78356K, committed 78888K, reserved 1118208K
  class space    used 10023K, capacity 10625K, committed 10792K, reserved 1048576K
}
Event: 72.127 GC heap before
{Heap before GC invocations=34 (full 5):
 PSYoungGen      total 294912K, used 280864K [0x00000000e0000000, 0x00000000f5180000, 0x0000000100000000)
  eden space 260096K, 100% used [0x00000000e0000000,0x00000000efe00000,0x00000000efe00000)
  from space 34816K, 59% used [0x00000000f2f80000,0x00000000f43c8040,0x00000000f5180000)
  to   space 35840K, 0% used [0x00000000efe00000,0x00000000efe00000,0x00000000f2100000)
 ParOldGen       total 96768K, used 78155K [0x00000000a0000000, 0x00000000a5e80000, 0x00000000e0000000)
  object space 96768K, 80% used [0x00000000a0000000,0x00000000a4c52cc0,0x00000000a5e80000)
 Metaspace       used 75486K, capacity 78356K, committed 78888K, reserved 1118208K
  class space    used 10023K, capacity 10625K, committed 10792K, reserved 1048576K
Event: 72.286 GC heap after
Heap after GC invocations=34 (full 5):
 PSYoungGen      total 295936K, used 26640K [0x00000000e0000000, 0x00000000f5e00000, 0x0000000100000000)
  eden space 260096K, 0% used [0x00000000e0000000,0x00000000e0000000,0x00000000efe00000)
  from space 35840K, 74% used [0x00000000efe00000,0x00000000f1804060,0x00000000f2100000)
  to   space 36864K, 0% used [0x00000000f3a00000,0x00000000f3a00000,0x00000000f5e00000)
 ParOldGen       total 96768K, used 78155K [0x00000000a0000000, 0x00000000a5e80000, 0x00000000e0000000)
  object space 96768K, 80% used [0x00000000a0000000,0x00000000a4c52cc0,0x00000000a5e80000)
 Metaspace       used 75486K, capacity 78356K, committed 78888K, reserved 1118208K
  class space    used 10023K, capacity 10625K, committed 10792K, reserved 1048576K
}

